<?xml version="1.0" encoding="UTF-8"?>
<testsuite xmlns:xsi="http://www.w3.org/2001/XMLSchema-instance" xsi:noNamespaceSchemaLocation="https://maven.apache.org/surefire/maven-surefire-plugin/xsd/surefire-test-report.xsd" name="com.example.demo.DemoApplicationTests" time="2.119" tests="3" errors="0" skipped="0" failures="0">
  <properties>
[...]
</properties>
  <testcase name="test_2" classname="com.example.demo.DemoApplicationTests" time="0.173"/>
  <testcase name="test" classname="com.example.demo.DemoApplicationTests" time="0.001"/>
  <testcase name="contextLoads" classname="com.example.demo.DemoApplicationTests" time="0.001"/>
</testsuite>